<?xml version="1.0" encoding="UTF-8" standalone="no"?>
<!DOCTYPE log SYSTEM "logger.dtd">
<log>
<record>
  <date>2020-07-08T11:16:25</date>
  <millis>1594181785148</millis>
  <sequence>0</sequence>
  <level>START</level>
  <class>com.kms.katalon.core.logging.XmlKeywordLogger</class>
  <method>startSuite</method>
  <thread>1</thread>
  <message>Start Test Suite : Test Suites/Opportunity Usecase/13</message>
  <nestedLevel>0</nestedLevel>
  <property name="name">13</property>
  <property name="description"></property>
  <property name="id">Test Suites/Opportunity Usecase/13</property>
</record>
<record>
  <date>2020-07-08T11:16:25</date>
  <millis>1594181785161</millis>
  <sequence>1</sequence>
  <level>RUN_DATA</level>
  <class>com.kms.katalon.core.logging.XmlKeywordLogger</class>
  <method>logMessage</method>
  <thread>1</thread>
  <message>hostName = WIN10 - DESKTOP-0NVCT6K</message>
  <nestedLevel>0</nestedLevel>
  <property name="hostName">WIN10 - DESKTOP-0NVCT6K</property>
</record>
<record>
  <date>2020-07-08T11:16:25</date>
  <millis>1594181785161</millis>
  <sequence>2</sequence>
  <level>RUN_DATA</level>
  <class>com.kms.katalon.core.logging.XmlKeywordLogger</class>
  <method>logMessage</method>
  <thread>1</thread>
  <message>os = Windows 10 64bit</message>
  <nestedLevel>0</nestedLevel>
  <property name="os">Windows 10 64bit</property>
</record>
<record>
  <date>2020-07-08T11:16:25</date>
  <millis>1594181785162</millis>
  <sequence>3</sequence>
  <level>RUN_DATA</level>
  <class>com.kms.katalon.core.logging.XmlKeywordLogger</class>
  <method>logMessage</method>
  <thread>1</thread>
  <message>hostAddress = 192.168.1.2</message>
  <nestedLevel>0</nestedLevel>
  <property name="hostAddress">192.168.1.2</property>
</record>
<record>
  <date>2020-07-08T11:16:25</date>
  <millis>1594181785162</millis>
  <sequence>4</sequence>
  <level>RUN_DATA</level>
  <class>com.kms.katalon.core.logging.XmlKeywordLogger</class>
  <method>logMessage</method>
  <thread>1</thread>
  <message>katalonVersion = 7.5.2.1</message>
  <nestedLevel>0</nestedLevel>
  <property name="katalonVersion">7.5.2.1</property>
</record>
<record>
  <date>2020-07-08T11:16:25</date>
  <millis>1594181785329</millis>
  <sequence>5</sequence>
  <level>START</level>
  <class>com.kms.katalon.core.logging.XmlKeywordLogger</class>
  <method>startTest</method>
  <thread>1</thread>
  <message>Start Test Case : Test Cases/Opportunity Test Case/1</message>
  <nestedLevel>1</nestedLevel>
  <property name="name">Test Cases/Opportunity Test Case/1</property>
  <property name="description"></property>
  <property name="id">Test Cases/Opportunity Test Case/1</property>
  <property name="source">C:\\Users\\WIN10\\git\\Best-Project\\Test Cases\\Opportunity Test Case\\1.tc</property>
  <property name="tag"></property>
  <property name="isOptional">false</property>
</record>
<record>
  <date>2020-07-08T11:16:25</date>
  <millis>1594181785617</millis>
  <sequence>7</sequence>
  <level>START</level>
  <class>com.kms.katalon.core.logging.XmlKeywordLogger</class>
  <method>startKeyword</method>
  <thread>1</thread>
  <message>Start action : openBrowser(\&amp;quot;http://crmc.opencloud.digital:64216/index.php\&amp;quot;)</message>
  <nestedLevel>1</nestedLevel>
  <property name="startLine">18</property>
  <property name="stepIndex">1</property>
</record>
<record>
  <date>2020-07-08T11:16:25</date>
  <millis>1594181785870</millis>
  <sequence>9</sequence>
  <level>INFO</level>
  <class>com.kms.katalon.core.logging.XmlKeywordLogger</class>
  <method>logMessage</method>
  <thread>1</thread>
  <message>Starting &amp;apos;Chrome&amp;apos; driver</message>
  <nestedLevel>1</nestedLevel>
</record>
<record>
  <date>2020-07-08T11:16:25</date>
  <millis>1594181785908</millis>
  <sequence>11</sequence>
  <level>INFO</level>
  <class>com.kms.katalon.core.logging.XmlKeywordLogger</class>
  <method>logMessage</method>
  <thread>1</thread>
  <message>Action delay is set to 0 milliseconds</message>
  <nestedLevel>1</nestedLevel>
</record>
<record>
  <date>2020-07-08T11:16:29</date>
  <millis>1594181789694</millis>
  <sequence>13</sequence>
  <level>RUN_DATA</level>
  <class>com.kms.katalon.core.logging.XmlKeywordLogger</class>
  <method>logMessage</method>
  <thread>1</thread>
  <message>sessionId = eb9bef2250813fe2a6c77f4ab1790c46</message>
  <nestedLevel>1</nestedLevel>
  <property name="sessionId">eb9bef2250813fe2a6c77f4ab1790c46</property>
</record>
<record>
  <date>2020-07-08T11:16:29</date>
  <millis>1594181789710</millis>
  <sequence>14</sequence>
  <level>RUN_DATA</level>
  <class>com.kms.katalon.core.logging.XmlKeywordLogger</class>
  <method>logMessage</method>
  <thread>1</thread>
  <message>browser = Chrome 83.0.4103.116</message>
  <nestedLevel>1</nestedLevel>
  <property name="browser">Chrome 83.0.4103.116</property>
</record>
<record>
  <date>2020-07-08T11:16:29</date>
  <millis>1594181789710</millis>
  <sequence>15</sequence>
  <level>RUN_DATA</level>
  <class>com.kms.katalon.core.logging.XmlKeywordLogger</class>
  <method>logMessage</method>
  <thread>1</thread>
  <message>platform = Windows 10</message>
  <nestedLevel>1</nestedLevel>
  <property name="platform">Windows 10</property>
</record>
<record>
  <date>2020-07-08T11:16:29</date>
  <millis>1594181789710</millis>
  <sequence>16</sequence>
  <level>RUN_DATA</level>
  <class>com.kms.katalon.core.logging.XmlKeywordLogger</class>
  <method>logMessage</method>
  <thread>1</thread>
  <message>seleniumVersion = 3.141.59</message>
  <nestedLevel>1</nestedLevel>
  <property name="seleniumVersion">3.141.59</property>
</record>
<record>
  <date>2020-07-08T11:16:29</date>
  <millis>1594181789711</millis>
  <sequence>17</sequence>
  <level>RUN_DATA</level>
  <class>com.kms.katalon.core.logging.XmlKeywordLogger</class>
  <method>logMessage</method>
  <thread>1</thread>
  <message>proxyInformation = ProxyInformation { proxyOption=NO_PROXY, proxyServerType=HTTP, username=, password=********, proxyServerAddress=, proxyServerPort=0, executionList=\&amp;quot;\&amp;quot;, isApplyToDesiredCapabilities=true }</message>
  <nestedLevel>1</nestedLevel>
  <property name="proxyInformation">ProxyInformation { proxyOption=NO_PROXY, proxyServerType=HTTP, username=, password=********, proxyServerAddress=, proxyServerPort=0, executionList=\&quot;\&quot;, isApplyToDesiredCapabilities=true }</property>
</record>
<record>
  <date>2020-07-08T11:16:30</date>
  <millis>1594181790267</millis>
  <sequence>19</sequence>
  <level>PASSED</level>
  <class>com.kms.katalon.core.logging.XmlKeywordLogger</class>
  <method>logMessage</method>
  <thread>1</thread>
  <message>Browser is opened with url: &amp;apos;http://crmc.opencloud.digital:64216/index.php&amp;apos;</message>
  <nestedLevel>1</nestedLevel>
</record>
<record>
  <date>2020-07-08T11:16:30</date>
  <millis>1594181790268</millis>
  <sequence>20</sequence>
  <level>END</level>
  <class>com.kms.katalon.core.logging.XmlKeywordLogger</class>
  <method>endKeyword</method>
  <thread>1</thread>
  <message>End action : openBrowser(\&amp;quot;http://crmc.opencloud.digital:64216/index.php\&amp;quot;)</message>
  <nestedLevel>1</nestedLevel>
</record>
<record>
  <date>2020-07-08T11:16:30</date>
  <millis>1594181790268</millis>
  <sequence>21</sequence>
  <level>START</level>
  <class>com.kms.katalon.core.logging.XmlKeywordLogger</class>
  <method>startKeyword</method>
  <thread>1</thread>
  <message>Start action : setText(findTestObject(\&amp;quot;Account repository/Login/input_User name_username\&amp;quot;), findTestData(\&amp;quot;Opportunity Test Data/D1\&amp;quot;).getValue(1, 1))</message>
  <nestedLevel>1</nestedLevel>
  <property name="startLine">20</property>
  <property name="stepIndex">2</property>
</record>
<record>
  <date>2020-07-08T11:16:31</date>
  <millis>1594181791255</millis>
  <sequence>40</sequence>
  <level>PASSED</level>
  <class>com.kms.katalon.core.logging.XmlKeywordLogger</class>
  <method>logMessage</method>
  <thread>1</thread>
  <message>Text &amp;apos;Admin&amp;apos; is set on object &amp;apos;Object Repository/Account repository/Login/input_User name_username&amp;apos;</message>
  <nestedLevel>1</nestedLevel>
</record>
<record>
  <date>2020-07-08T11:16:31</date>
  <millis>1594181791256</millis>
  <sequence>41</sequence>
  <level>END</level>
  <class>com.kms.katalon.core.logging.XmlKeywordLogger</class>
  <method>endKeyword</method>
  <thread>1</thread>
  <message>End action : setText(findTestObject(\&amp;quot;Account repository/Login/input_User name_username\&amp;quot;), findTestData(\&amp;quot;Opportunity Test Data/D1\&amp;quot;).getValue(1, 1))</message>
  <nestedLevel>1</nestedLevel>
</record>
<record>
  <date>2020-07-08T11:16:31</date>
  <millis>1594181791256</millis>
  <sequence>42</sequence>
  <level>START</level>
  <class>com.kms.katalon.core.logging.XmlKeywordLogger</class>
  <method>startKeyword</method>
  <thread>1</thread>
  <message>Start action : setText(findTestObject(\&amp;quot;Account repository/Login/input_Password_password\&amp;quot;), findTestData(\&amp;quot;Opportunity Test Data/D1\&amp;quot;).getValue(2, 1))</message>
  <nestedLevel>1</nestedLevel>
  <property name="startLine">23</property>
  <property name="stepIndex">3</property>
</record>
<record>
  <date>2020-07-08T11:16:31</date>
  <millis>1594181791885</millis>
  <sequence>61</sequence>
  <level>PASSED</level>
  <class>com.kms.katalon.core.logging.XmlKeywordLogger</class>
  <method>logMessage</method>
  <thread>1</thread>
  <message>Text &amp;apos;1qaz2WSX3edc &amp;apos; is set on object &amp;apos;Object Repository/Account repository/Login/input_Password_password&amp;apos;</message>
  <nestedLevel>1</nestedLevel>
</record>
<record>
  <date>2020-07-08T11:16:31</date>
  <millis>1594181791885</millis>
  <sequence>62</sequence>
  <level>END</level>
  <class>com.kms.katalon.core.logging.XmlKeywordLogger</class>
  <method>endKeyword</method>
  <thread>1</thread>
  <message>End action : setText(findTestObject(\&amp;quot;Account repository/Login/input_Password_password\&amp;quot;), findTestData(\&amp;quot;Opportunity Test Data/D1\&amp;quot;).getValue(2, 1))</message>
  <nestedLevel>1</nestedLevel>
</record>
<record>
  <date>2020-07-08T11:16:31</date>
  <millis>1594181791885</millis>
  <sequence>63</sequence>
  <level>START</level>
  <class>com.kms.katalon.core.logging.XmlKeywordLogger</class>
  <method>startKeyword</method>
  <thread>1</thread>
  <message>Start action : click(findTestObject(\&amp;quot;Account repository/Login/button_Sign in\&amp;quot;))</message>
  <nestedLevel>1</nestedLevel>
  <property name="startLine">26</property>
  <property name="stepIndex">4</property>
</record>
<record>
  <date>2020-07-08T11:16:33</date>
  <millis>1594181793351</millis>
  <sequence>72</sequence>
  <level>PASSED</level>
  <class>com.kms.katalon.core.logging.XmlKeywordLogger</class>
  <method>logMessage</method>
  <thread>1</thread>
  <message>Object: &amp;apos;Object Repository/Account repository/Login/button_Sign in&amp;apos; is clicked on</message>
  <nestedLevel>1</nestedLevel>
</record>
<record>
  <date>2020-07-08T11:16:33</date>
  <millis>1594181793352</millis>
  <sequence>73</sequence>
  <level>END</level>
  <class>com.kms.katalon.core.logging.XmlKeywordLogger</class>
  <method>endKeyword</method>
  <thread>1</thread>
  <message>End action : click(findTestObject(\&amp;quot;Account repository/Login/button_Sign in\&amp;quot;))</message>
  <nestedLevel>1</nestedLevel>
</record>
<record>
  <date>2020-07-08T11:16:33</date>
  <millis>1594181793352</millis>
  <sequence>74</sequence>
  <level>START</level>
  <class>com.kms.katalon.core.logging.XmlKeywordLogger</class>
  <method>startKeyword</method>
  <thread>1</thread>
  <message>Start action : click(findTestObject(\&amp;quot;Opportunity repository/Page_Home/a_Opportunities\&amp;quot;))</message>
  <nestedLevel>1</nestedLevel>
  <property name="startLine">28</property>
  <property name="stepIndex">5</property>
</record>
<record>
  <date>2020-07-08T11:16:39</date>
  <millis>1594181799428</millis>
  <sequence>83</sequence>
  <level>PASSED</level>
  <class>com.kms.katalon.core.logging.XmlKeywordLogger</class>
  <method>logMessage</method>
  <thread>1</thread>
  <message>Object: &amp;apos;Object Repository/Opportunity repository/Page_Home/a_Opportunities&amp;apos; is clicked on</message>
  <nestedLevel>1</nestedLevel>
</record>
<record>
  <date>2020-07-08T11:16:39</date>
  <millis>1594181799429</millis>
  <sequence>84</sequence>
  <level>END</level>
  <class>com.kms.katalon.core.logging.XmlKeywordLogger</class>
  <method>endKeyword</method>
  <thread>1</thread>
  <message>End action : click(findTestObject(\&amp;quot;Opportunity repository/Page_Home/a_Opportunities\&amp;quot;))</message>
  <nestedLevel>1</nestedLevel>
</record>
<record>
  <date>2020-07-08T11:16:39</date>
  <millis>1594181799430</millis>
  <sequence>85</sequence>
  <level>START</level>
  <class>com.kms.katalon.core.logging.XmlKeywordLogger</class>
  <method>startKeyword</method>
  <thread>1</thread>
  <message>Start action : delay(2)</message>
  <nestedLevel>1</nestedLevel>
  <property name="startLine">30</property>
  <property name="stepIndex">6</property>
</record>
<record>
  <date>2020-07-08T11:16:41</date>
  <millis>1594181801451</millis>
  <sequence>87</sequence>
  <level>PASSED</level>
  <class>com.kms.katalon.core.logging.XmlKeywordLogger</class>
  <method>logMessage</method>
  <thread>1</thread>
  <message>Delayed 2 second(s)</message>
  <nestedLevel>1</nestedLevel>
</record>
<record>
  <date>2020-07-08T11:16:41</date>
  <millis>1594181801452</millis>
  <sequence>88</sequence>
  <level>END</level>
  <class>com.kms.katalon.core.logging.XmlKeywordLogger</class>
  <method>endKeyword</method>
  <thread>1</thread>
  <message>End action : delay(2)</message>
  <nestedLevel>1</nestedLevel>
</record>
<record>
  <date>2020-07-08T11:16:41</date>
  <millis>1594181801453</millis>
  <sequence>89</sequence>
  <level>PASSED</level>
  <class>com.kms.katalon.core.logging.XmlKeywordLogger</class>
  <method>logMessage</method>
  <thread>1</thread>
  <message>Test Cases/Opportunity Test Case/1</message>
  <nestedLevel>1</nestedLevel>
</record>
<record>
  <date>2020-07-08T11:16:41</date>
  <millis>1594181801456</millis>
  <sequence>90</sequence>
  <level>END</level>
  <class>com.kms.katalon.core.logging.XmlKeywordLogger</class>
  <method>endTest</method>
  <thread>1</thread>
  <message>End Test Case : Test Cases/Opportunity Test Case/1</message>
  <nestedLevel>0</nestedLevel>
</record>
<record>
  <date>2020-07-08T11:16:41</date>
  <millis>1594181801465</millis>
  <sequence>91</sequence>
  <level>START</level>
  <class>com.kms.katalon.core.logging.XmlKeywordLogger</class>
  <method>startTest</method>
  <thread>1</thread>
  <message>Start Test Case : Test Cases/Opportunity Test Case/5</message>
  <nestedLevel>1</nestedLevel>
  <property name="name">Test Cases/Opportunity Test Case/5</property>
  <property name="description"></property>
  <property name="id">Test Cases/Opportunity Test Case/5</property>
  <property name="source">C:\\Users\\WIN10\\git\\Best-Project\\Test Cases\\Opportunity Test Case\\5.tc</property>
  <property name="tag"></property>
  <property name="isOptional">false</property>
</record>
<record>
  <date>2020-07-08T11:16:41</date>
  <millis>1594181801603</millis>
  <sequence>93</sequence>
  <level>START</level>
  <class>com.kms.katalon.core.logging.XmlKeywordLogger</class>
  <method>startKeyword</method>
  <thread>1</thread>
  <message>Start action : setText(findTestObject(\&amp;quot;Opportunity repository/Page_Opportunities/input_Contact Name_potentialname Search\&amp;quot;), findTestData(\&amp;quot;Opportunity Test Data/D2\&amp;quot;).getValue(1, 1))</message>
  <nestedLevel>1</nestedLevel>
  <property name="startLine">18</property>
  <property name="stepIndex">1</property>
</record>
<record>
  <date>2020-07-08T11:16:42</date>
  <millis>1594181802405</millis>
  <sequence>112</sequence>
  <level>PASSED</level>
  <class>com.kms.katalon.core.logging.XmlKeywordLogger</class>
  <method>logMessage</method>
  <thread>1</thread>
  <message>Text &amp;apos;\u0E42\u0E04\u0E23\u0E07\u0E01\u0E32\u0E23\u0E19\u0E33\u0E40\u0E2A\u0E19\u0E2DPro C751-\u0E1A\u0E08\u0E01. \u0E10\u0E32\u0E19\u0E01\u0E32\u0E23\u0E1E\u0E34\u0E21\u0E1E\u0E4C&amp;apos; is set on object &amp;apos;Object Repository/Opportunity repository/Page_Opportunities/input_Contact Name_potentialname Search&amp;apos;</message>
  <nestedLevel>1</nestedLevel>
</record>
<record>
  <date>2020-07-08T11:16:42</date>
  <millis>1594181802406</millis>
  <sequence>113</sequence>
  <level>END</level>
  <class>com.kms.katalon.core.logging.XmlKeywordLogger</class>
  <method>endKeyword</method>
  <thread>1</thread>
  <message>End action : setText(findTestObject(\&amp;quot;Opportunity repository/Page_Opportunities/input_Contact Name_potentialname Search\&amp;quot;), findTestData(\&amp;quot;Opportunity Test Data/D2\&amp;quot;).getValue(1, 1))</message>
  <nestedLevel>1</nestedLevel>
</record>
<record>
  <date>2020-07-08T11:16:42</date>
  <millis>1594181802406</millis>
  <sequence>114</sequence>
  <level>START</level>
  <class>com.kms.katalon.core.logging.XmlKeywordLogger</class>
  <method>startKeyword</method>
  <thread>1</thread>
  <message>Start action : click(findTestObject(\&amp;quot;Opportunity repository/Page_Opportunities/button_Search Oppotunity name\&amp;quot;))</message>
  <nestedLevel>1</nestedLevel>
  <property name="startLine">21</property>
  <property name="stepIndex">2</property>
</record>
<record>
  <date>2020-07-08T11:16:42</date>
  <millis>1594181802765</millis>
  <sequence>123</sequence>
  <level>PASSED</level>
  <class>com.kms.katalon.core.logging.XmlKeywordLogger</class>
  <method>logMessage</method>
  <thread>1</thread>
  <message>Object: &amp;apos;Object Repository/Opportunity repository/Page_Opportunities/button_Search Oppotunity name&amp;apos; is clicked on</message>
  <nestedLevel>1</nestedLevel>
</record>
<record>
  <date>2020-07-08T11:16:42</date>
  <millis>1594181802766</millis>
  <sequence>124</sequence>
  <level>END</level>
  <class>com.kms.katalon.core.logging.XmlKeywordLogger</class>
  <method>endKeyword</method>
  <thread>1</thread>
  <message>End action : click(findTestObject(\&amp;quot;Opportunity repository/Page_Opportunities/button_Search Oppotunity name\&amp;quot;))</message>
  <nestedLevel>1</nestedLevel>
</record>
<record>
  <date>2020-07-08T11:16:42</date>
  <millis>1594181802766</millis>
  <sequence>125</sequence>
  <level>START</level>
  <class>com.kms.katalon.core.logging.XmlKeywordLogger</class>
  <method>startKeyword</method>
  <thread>1</thread>
  <message>Start action : click(findTestObject(\&amp;quot;Opportunity repository/Page_Opportunities/a_Pro C751-\&amp;quot;))</message>
  <nestedLevel>1</nestedLevel>
  <property name="startLine">23</property>
  <property name="stepIndex">3</property>
</record>
<record>
  <date>2020-07-08T11:16:47</date>
  <millis>1594181807958</millis>
  <sequence>134</sequence>
  <level>PASSED</level>
  <class>com.kms.katalon.core.logging.XmlKeywordLogger</class>
  <method>logMessage</method>
  <thread>1</thread>
  <message>Object: &amp;apos;Object Repository/Opportunity repository/Page_Opportunities/a_Pro C751-&amp;apos; is clicked on</message>
  <nestedLevel>1</nestedLevel>
</record>
<record>
  <date>2020-07-08T11:16:47</date>
  <millis>1594181807958</millis>
  <sequence>135</sequence>
  <level>END</level>
  <class>com.kms.katalon.core.logging.XmlKeywordLogger</class>
  <method>endKeyword</method>
  <thread>1</thread>
  <message>End action : click(findTestObject(\&amp;quot;Opportunity repository/Page_Opportunities/a_Pro C751-\&amp;quot;))</message>
  <nestedLevel>1</nestedLevel>
</record>
<record>
  <date>2020-07-08T11:16:47</date>
  <millis>1594181807959</millis>
  <sequence>136</sequence>
  <level>START</level>
  <class>com.kms.katalon.core.logging.XmlKeywordLogger</class>
  <method>startKeyword</method>
  <thread>1</thread>
  <message>Start action : delay(2)</message>
  <nestedLevel>1</nestedLevel>
  <property name="startLine">25</property>
  <property name="stepIndex">4</property>
</record>
<record>
  <date>2020-07-08T11:16:49</date>
  <millis>1594181809961</millis>
  <sequence>138</sequence>
  <level>PASSED</level>
  <class>com.kms.katalon.core.logging.XmlKeywordLogger</class>
  <method>logMessage</method>
  <thread>1</thread>
  <message>Delayed 2 second(s)</message>
  <nestedLevel>1</nestedLevel>
</record>
<record>
  <date>2020-07-08T11:16:49</date>
  <millis>1594181809961</millis>
  <sequence>139</sequence>
  <level>END</level>
  <class>com.kms.katalon.core.logging.XmlKeywordLogger</class>
  <method>endKeyword</method>
  <thread>1</thread>
  <message>End action : delay(2)</message>
  <nestedLevel>1</nestedLevel>
</record>
<record>
  <date>2020-07-08T11:16:49</date>
  <millis>1594181809962</millis>
  <sequence>140</sequence>
  <level>PASSED</level>
  <class>com.kms.katalon.core.logging.XmlKeywordLogger</class>
  <method>logMessage</method>
  <thread>1</thread>
  <message>Test Cases/Opportunity Test Case/5</message>
  <nestedLevel>1</nestedLevel>
</record>
<record>
  <date>2020-07-08T11:16:49</date>
  <millis>1594181809963</millis>
  <sequence>141</sequence>
  <level>END</level>
  <class>com.kms.katalon.core.logging.XmlKeywordLogger</class>
  <method>endTest</method>
  <thread>1</thread>
  <message>End Test Case : Test Cases/Opportunity Test Case/5</message>
  <nestedLevel>0</nestedLevel>
</record>
<record>
  <date>2020-07-08T11:16:49</date>
  <millis>1594181809969</millis>
  <sequence>142</sequence>
  <level>START</level>
  <class>com.kms.katalon.core.logging.XmlKeywordLogger</class>
  <method>startTest</method>
  <thread>1</thread>
  <message>Start Test Case : Test Cases/Opportunity Test Case/23</message>
  <nestedLevel>1</nestedLevel>
  <property name="name">Test Cases/Opportunity Test Case/23</property>
  <property name="description"></property>
  <property name="id">Test Cases/Opportunity Test Case/23</property>
  <property name="source">C:\\Users\\WIN10\\git\\Best-Project\\Test Cases\\Opportunity Test Case\\23.tc</property>
  <property name="tag"></property>
  <property name="isOptional">false</property>
</record>
<record>
  <date>2020-07-08T11:16:50</date>
  <millis>1594181810197</millis>
  <sequence>144</sequence>
  <level>START</level>
  <class>com.kms.katalon.core.logging.XmlKeywordLogger</class>
  <method>startKeyword</method>
  <thread>1</thread>
  <message>Start action : click(findTestObject(\&amp;quot;Opportunity repository/Page_Opportunities/button_Add Line Item opp\&amp;quot;))</message>
  <nestedLevel>1</nestedLevel>
  <property name="startLine">18</property>
  <property name="stepIndex">1</property>
</record>
